<?xml version="1.0" encoding="UTF-8"?>
<!-- Generated by org.testng.reporters.JUnitReportReporter -->
<testsuite hostname="Prash_Laptop" failures="0" tests="1" name="Products.CreateProductTest" time="17.650" errors="0" timestamp="2025-04-04T20:33:13 IST" skipped="0">
  <testcase classname="Products.CreateProductTest" name="addProductTest" time="17.650">
    <system-out>
      <![CDATA[Product Mobile738 Successfully added]]>
    </system-out>
  </testcase> <!-- addProductTest -->
  <system-out>
    <![CDATA[Campaign Rotherham55 added successfully
Campaign Rotherham392 added successfully
Contact Nandini209 added Successfully
Product Mobile738 Successfully added]]>
  </system-out>
</testsuite> <!-- Products.CreateProductTest -->
