<?xml version="1.0" encoding="UTF-8"?>
<!-- Generated by org.testng.reporters.JUnitReportReporter -->
<testsuite hostname="Prash_Laptop" failures="0" tests="3" name="DDTPractise.DataProviderUsage" time="0.016" errors="0" timestamp="2025-03-26T19:01:50 IST" skipped="0">
  <testcase classname="DDTPractise.DataProviderUsage" name="testCase" time="0.002"/>
  <testcase classname="DDTPractise.DataProviderUsage" name="testCase" time="0.012"/>
  <testcase classname="DDTPractise.DataProviderUsage" name="testCase" time="0.002"/>
</testsuite> <!-- DDTPractise.DataProviderUsage -->
