<?xml version="1.0" encoding="UTF-8"?>
<!-- Generated by org.testng.reporters.JUnitReportReporter -->
<testsuite hostname="Prash_Laptop" failures="0" tests="1" name="Contacts.CreateContactTest" time="31.979" errors="0" timestamp="2025-04-04T20:33:13 IST" skipped="0">
  <testcase classname="Contacts.CreateContactTest" name="createContactWithCampaignTest" time="31.979">
    <system-out>
      <![CDATA[Contact Nandini209 added Successfully]]>
    </system-out>
  </testcase> <!-- createContactWithCampaignTest -->
  <system-out>
    <![CDATA[Campaign Rotherham55 added successfully
Campaign Rotherham392 added successfully
Contact Nandini209 added Successfully
Product Mobile738 Successfully added]]>
  </system-out>
</testsuite> <!-- Contacts.CreateContactTest -->
