<?xml version="1.0" encoding="UTF-8"?>
<!-- Generated by org.testng.reporters.JUnitReportReporter -->
<testsuite hostname="Prash_Laptop" failures="0" tests="1" name="Contacts.CreateContact" time="31.087" errors="0" timestamp="2025-03-29T20:48:08 IST" skipped="0">
  <testcase classname="Contacts.CreateContact" name="createContactWithCampaignTest" time="31.087">
    <system-out>
      <![CDATA[Contact Nandini651 added Successfully]]>
    </system-out>
  </testcase> <!-- createContactWithCampaignTest -->
  <system-out>
    <![CDATA[Campaign Rotherham297 added successfully
Campaign Rotherham536 added successfully
Contact Nandini651 added Successfully
Product Mobile280 Successfully added]]>
  </system-out>
</testsuite> <!-- Contacts.CreateContact -->
