<?xml version="1.0" encoding="UTF-8"?>
<!-- Generated by org.testng.reporters.JUnitReportReporter -->
<testsuite hostname="Prash_Laptop" failures="0" tests="2" name="CampaignTest.CreateCampaign" time="32.422" errors="0" timestamp="2025-03-29T20:48:08 IST" skipped="0">
  <testcase classname="CampaignTest.CreateCampaign" name="createCampaignWithDateTest" time="11.005">
    <system-out>
      <![CDATA[Campaign Rotherham536 added successfully]]>
    </system-out>
  </testcase> <!-- createCampaignWithDateTest -->
  <testcase classname="CampaignTest.CreateCampaign" name="createCampaignTest" time="21.417">
    <system-out>
      <![CDATA[Campaign Rotherham297 added successfully]]>
    </system-out>
  </testcase> <!-- createCampaignTest -->
  <system-out>
    <![CDATA[Campaign Rotherham297 added successfully
Campaign Rotherham536 added successfully
Contact Nandini651 added Successfully
Product Mobile280 Successfully added]]>
  </system-out>
</testsuite> <!-- CampaignTest.CreateCampaign -->
