<?xml version="1.0" encoding="UTF-8"?>
<!-- Generated by org.testng.reporters.JUnitReportReporter -->
<testsuite hostname="Prash_Laptop" failures="0" tests="2" name="CampaignTest.CreateCampaignTest" time="31.391" errors="0" timestamp="2025-04-04T20:33:13 IST" skipped="0">
  <testcase classname="CampaignTest.CreateCampaignTest" name="createCampaignWithCloseDateTest" time="10.964">
    <system-out>
      <![CDATA[Campaign Rotherham392 added successfully]]>
    </system-out>
  </testcase> <!-- createCampaignWithCloseDateTest -->
  <testcase classname="CampaignTest.CreateCampaignTest" name="createCampaignTest" time="20.427">
    <system-out>
      <![CDATA[Campaign Rotherham55 added successfully]]>
    </system-out>
  </testcase> <!-- createCampaignTest -->
  <system-out>
    <![CDATA[Campaign Rotherham55 added successfully
Campaign Rotherham392 added successfully
Contact Nandini209 added Successfully
Product Mobile738 Successfully added]]>
  </system-out>
</testsuite> <!-- CampaignTest.CreateCampaignTest -->
