<?xml version="1.0" encoding="UTF-8"?>
<!-- Generated by org.testng.reporters.JUnitReportReporter -->
<testsuite hostname="Prash_Laptop" failures="0" tests="1" name="Products.CreateProduct" time="17.726" errors="0" timestamp="2025-03-29T20:48:08 IST" skipped="0">
  <testcase classname="Products.CreateProduct" name="createProductTest" time="17.726">
    <system-out>
      <![CDATA[Product Mobile280 Successfully added]]>
    </system-out>
  </testcase> <!-- createProductTest -->
  <system-out>
    <![CDATA[Campaign Rotherham297 added successfully
Campaign Rotherham536 added successfully
Contact Nandini651 added Successfully
Product Mobile280 Successfully added]]>
  </system-out>
</testsuite> <!-- Products.CreateProduct -->
